<?xml version="1.0" encoding="utf-8"?><testsuites name="pytest tests"><testsuite name="pytest" errors="0" failures="0" skipped="0" tests="18" time="5.160" timestamp="2026-05-23T17:22:26.260510+00:00" hostname="agent-env-0501b040-ae0e-4680-8fe4-97ab31d00b1c"><testcase classname="backend.tests.test_hamburg_scanner.TestAuth" name="test_login_success_sets_cookies" time="1.387" /><testcase classname="backend.tests.test_hamburg_scanner.TestAuth" name="test_login_invalid_credentials" time="0.346" /><testcase classname="backend.tests.test_hamburg_scanner.TestAuth" name="test_me_returns_admin" time="0.442" /><testcase classname="backend.tests.test_hamburg_scanner.TestAuth" name="test_me_unauthenticated" time="0.126" /><testcase classname="backend.tests.test_hamburg_scanner.TestApartments" name="test_apartments_requires_auth" time="0.142" /><testcase classname="backend.tests.test_hamburg_scanner.TestApartments" name="test_apartments_list_authenticated" time="0.064" /><testcase classname="backend.tests.test_hamburg_scanner.TestApartments" name="test_apartments_filters" time="0.063" /><testcase classname="backend.tests.test_hamburg_scanner.TestApartments" name="test_apartments_history" time="0.059" /><testcase classname="backend.tests.test_hamburg_scanner.TestScan" name="test_scan_status" time="0.061" /><testcase classname="backend.tests.test_hamburg_scanner.TestScan" name="test_scan_now_triggers" time="0.060" /><testcase classname="backend.tests.test_hamburg_scanner.TestAdminUsers" name="test_list_users_admin_only" time="0.061" /><testcase classname="backend.tests.test_hamburg_scanner.TestAdminUsers" name="test_list_users_unauthenticated_401" time="0.113" /><testcase classname="backend.tests.test_hamburg_scanner.TestAdminUsers" name="test_list_users_non_admin_403" time="0.668" /><testcase classname="backend.tests.test_hamburg_scanner.TestAdminUsers" name="test_create_and_delete_user" time="0.547" /><testcase classname="backend.tests.test_hamburg_scanner.TestManualUrls" name="test_list_urls_non_admin_403" time="0.049" /><testcase classname="backend.tests.test_hamburg_scanner.TestManualUrls" name="test_add_invalid_url_rejected" time="0.083" /><testcase classname="backend.tests.test_hamburg_scanner.TestManualUrls" name="test_add_list_and_remove_url" time="0.270" /><testcase classname="backend.tests.test_hamburg_scanner.TestLogout" name="test_logout_clears_session" time="0.493" /></testsuite></testsuites>