<?xml version="1.0" encoding="utf-8"?><testsuites name="pytest tests"><testsuite name="pytest" errors="0" failures="0" skipped="0" tests="26" time="4.961" timestamp="2026-05-23T18:14:25.437388+00:00" hostname="agent-env-0501b040-ae0e-4680-8fe4-97ab31d00b1c"><testcase classname="backend.tests.test_hamburg_scanner.TestAuth" name="test_login_success_sets_cookies" time="1.094" /><testcase classname="backend.tests.test_hamburg_scanner.TestAuth" name="test_login_invalid_credentials" time="0.333" /><testcase classname="backend.tests.test_hamburg_scanner.TestAuth" name="test_me_returns_admin" time="0.380" /><testcase classname="backend.tests.test_hamburg_scanner.TestAuth" name="test_me_unauthenticated" time="0.159" /><testcase classname="backend.tests.test_hamburg_scanner.TestApartments" name="test_apartments_requires_auth" time="0.135" /><testcase classname="backend.tests.test_hamburg_scanner.TestApartments" name="test_apartments_list_authenticated" time="0.058" /><testcase classname="backend.tests.test_hamburg_scanner.TestApartments" name="test_apartments_filters" time="0.052" /><testcase classname="backend.tests.test_hamburg_scanner.TestApartments" name="test_apartments_history" time="0.049" /><testcase classname="backend.tests.test_hamburg_scanner.TestApartments" name="test_apartments_count_at_least_12" time="0.050" /><testcase classname="backend.tests.test_hamburg_scanner.TestApartments" name="test_apartments_have_required_fields" time="0.051" /><testcase classname="backend.tests.test_hamburg_scanner.TestApartments" name="test_apartments_multiple_landlords" time="0.050" /><testcase classname="backend.tests.test_hamburg_scanner.TestApartments" name="test_apartments_rooms_can_be_float" time="0.053" /><testcase classname="backend.tests.test_hamburg_scanner.TestApartments" name="test_filter_min_price" time="0.057" /><testcase classname="backend.tests.test_hamburg_scanner.TestApartments" name="test_filter_max_price" time="0.055" /><testcase classname="backend.tests.test_hamburg_scanner.TestApartments" name="test_filter_rooms_float_range" time="0.054" /><testcase classname="backend.tests.test_hamburg_scanner.TestScanStatusCount" name="test_total_apartments_at_least_12" time="0.053" /><testcase classname="backend.tests.test_hamburg_scanner.TestScan" name="test_scan_status" time="0.049" /><testcase classname="backend.tests.test_hamburg_scanner.TestScan" name="test_scan_now_triggers" time="0.050" /><testcase classname="backend.tests.test_hamburg_scanner.TestAdminUsers" name="test_list_users_admin_only" time="0.054" /><testcase classname="backend.tests.test_hamburg_scanner.TestAdminUsers" name="test_list_users_unauthenticated_401" time="0.117" /><testcase classname="backend.tests.test_hamburg_scanner.TestAdminUsers" name="test_list_users_non_admin_403" time="0.662" /><testcase classname="backend.tests.test_hamburg_scanner.TestAdminUsers" name="test_create_and_delete_user" time="0.466" /><testcase classname="backend.tests.test_hamburg_scanner.TestManualUrls" name="test_list_urls_non_admin_403" time="0.049" /><testcase classname="backend.tests.test_hamburg_scanner.TestManualUrls" name="test_add_invalid_url_rejected" time="0.048" /><testcase classname="backend.tests.test_hamburg_scanner.TestManualUrls" name="test_add_list_and_remove_url" time="0.244" /><testcase classname="backend.tests.test_hamburg_scanner.TestLogout" name="test_logout_clears_session" time="0.430" /></testsuite></testsuites>