<?xml version="1.0" encoding="utf-8"?><testsuites name="pytest tests"><testsuite name="pytest" errors="0" failures="0" skipped="0" tests="10" time="1.882" timestamp="2026-05-23T18:14:36.587606+00:00" hostname="agent-env-0501b040-ae0e-4680-8fe4-97ab31d00b1c"><testcase classname="backend.tests.test_profile.TestProfile" name="test_profile_requires_auth" time="0.133" /><testcase classname="backend.tests.test_profile.TestProfile" name="test_get_profile_default" time="1.065" /><testcase classname="backend.tests.test_profile.TestProfile" name="test_put_profile_update_and_persistence" time="0.097" /><testcase classname="backend.tests.test_profile.TestProfile" name="test_put_profile_disable" time="0.095" /><testcase classname="backend.tests.test_profile.TestProfile" name="test_put_profile_invalid_email" time="0.046" /><testcase classname="backend.tests.test_profile.TestProfile" name="test_auth_me_includes_notification_fields" time="0.103" /><testcase classname="backend.tests.test_profile.TestRegression" name="test_admin_login_still_works" time="0.053" /><testcase classname="backend.tests.test_profile.TestRegression" name="test_apartments_endpoint" time="0.058" /><testcase classname="backend.tests.test_profile.TestRegression" name="test_manual_urls_endpoint" time="0.056" /><testcase classname="backend.tests.test_profile.TestRegression" name="test_scan_status_endpoint" time="0.111" /></testsuite></testsuites>